<?xml version="1.0" encoding="UTF-8"?>
<!-- Generated by org.testng.reporters.JUnitReportReporter -->
<testsuite hostname="DESKTOP-UMRLRJO" failures="0" tests="1" name="com.ust.java.Cust_proj_test" time="407.080" errors="0" timestamp="2021-05-28T04:46:13 IST" skipped="0">
  <testcase classname="com.ust.java.Cust_proj_test" name="validate_Aseedtest_Rev1" time="407.080"/>
  <system-out/>
</testsuite> <!-- com.ust.java.Cust_proj_test -->
