<?xml version="1.0" encoding="UTF-8"?>
<!-- Generated by org.testng.reporters.JUnitReportReporter -->
<testsuite skipped="0" hostname="DESKTOP-UMRLRJO" name="com.ust.java.AccountingseedClass" tests="1" failures="0" timestamp="2021-06-17T09:43:39 IST" time="56.596" errors="0">
  <testcase name="validate_Aseedtest_Rev1" time="56.596" classname="com.ust.java.AccountingseedClass"/>
  <system-out/>
</testsuite> <!-- com.ust.java.AccountingseedClass -->
