<?xml version="1.0" encoding="UTF-8"?>
<!-- Generated by org.testng.reporters.JUnitReportReporter -->
<testsuite hostname="DESKTOP-UMRLRJO" failures="0" tests="1" name="com.ust.java.AseedClass" time="78.405" errors="0" timestamp="2021-02-10T22:40:49 IST" skipped="0">
  <testcase classname="com.ust.java.AseedClass" name="validate_Aseedtest_Rev1" time="78.405"/>
  <system-out/>
</testsuite> <!-- com.ust.java.AseedClass -->
