<?xml version="1.0" encoding="UTF-8"?>
<!-- Generated by org.testng.reporters.JUnitReportReporter -->
<testsuite skipped="0" hostname="DESKTOP-UMRLRJO" name="com.wisefinch.java.PlClass" tests="1" failures="0" timestamp="2021-06-24T01:07:26 IST" time="132.508" errors="0">
  <testcase name="validate_Aseedtest_PL_Rev1" time="132.508" classname="com.wisefinch.java.PlClass"/>
  <system-out/>
</testsuite> <!-- com.wisefinch.java.PlClass -->
