<?xml version="1.0" encoding="UTF-8"?>
<!-- Generated by org.testng.reporters.JUnitReportReporter -->
<testsuite skipped="0" hostname="DESKTOP-UMRLRJO" name="com.wisefinch.java.Cust_proj_test" tests="1" failures="0" timestamp="2021-06-16T20:26:30 IST" time="47.870" errors="0">
  <testcase name="validate_Aseedtest_Rev1" time="47.870" classname="com.wisefinch.java.Cust_proj_test"/>
  <system-out/>
</testsuite> <!-- com.wisefinch.java.Cust_proj_test -->
