<?xml version="1.0" encoding="UTF-8"?>
<!-- Generated by org.testng.reporters.JUnitReportReporter -->
<testsuite hostname="DESKTOP-UMRLRJO" failures="0" tests="1" name="com.ust.java.WeInvestClass" time="129.163" errors="0" timestamp="2021-02-03T18:46:59 IST" skipped="0">
  <testcase classname="com.ust.java.WeInvestClass" name="validate_WeInvest_Rev1" time="129.163"/>
  <system-out/>
</testsuite> <!-- com.ust.java.WeInvestClass -->
